<?xml version="1.0" encoding="UTF-8"?>
<!-- Generated by org.testng.reporters.JUnitReportReporter -->
<testsuite hostname="LAPTOP-75HQIB0K" failures="0" tests="4" name="Runner.TestRunner" time="7.524" errors="0" timestamp="2025-01-26T20:56:52 IST" skipped="0">
  <testcase classname="Runner.TestRunner" name="runScenario" time="0.193"/>
  <system-out/>
  <testcase classname="Runner.TestRunner" name="runScenario" time="5.916"/>
  <system-out/>
  <testcase classname="Runner.TestRunner" name="runScenario" time="0.778"/>
  <system-out/>
  <testcase classname="Runner.TestRunner" name="runScenario" time="0.637"/>
  <system-out/>
</testsuite> <!-- Runner.TestRunner -->
