<?xml version="1.0" encoding="UTF-8"?>
<!-- Generated by org.testng.reporters.JUnitReportReporter -->
<testsuite hostname="LAPTOP-75HQIB0K" failures="0" tests="1" name="Runner.TestRunner" time="8.852" errors="0" timestamp="2025-01-26T17:51:06 IST" skipped="0">
  <testcase classname="Runner.TestRunner" name="runScenario" time="8.852"/>
  <system-out/>
</testsuite> <!-- Runner.TestRunner -->
