<?xml version="1.0" encoding="UTF-8"?>
<!-- Generated by org.testng.reporters.JUnitReportReporter -->
<testsuite hostname="DESKTOP-MU0TVCM" failures="0" tests="3" name="Runner.TestRunner" time="12.554" errors="0" timestamp="2025-01-26T20:40:17 IST" skipped="0">
  <testcase classname="Runner.TestRunner" name="runScenario" time="11.139"/>
  <system-out/>
  <testcase classname="Runner.TestRunner" name="runScenario" time="1.229"/>
  <system-out/>
  <testcase classname="Runner.TestRunner" name="runScenario" time="0.186"/>
  <system-out/>
</testsuite> <!-- Runner.TestRunner -->
