<?xml version="1.0" encoding="UTF-8"?>
<!-- Generated by org.testng.reporters.JUnitReportReporter -->
<testsuite hostname="DESKTOP-MU0TVCM" failures="0" tests="5" name="Runner.TestRunner" time="20.201" errors="0" timestamp="2025-01-26T21:06:36 IST" skipped="0">
  <testcase classname="Runner.TestRunner" name="runScenario" time="0.755"/>
  <system-out/>
  <testcase classname="Runner.TestRunner" name="runScenario" time="0.571"/>
  <system-out/>
  <testcase classname="Runner.TestRunner" name="runScenario" time="2.027"/>
  <system-out/>
  <testcase classname="Runner.TestRunner" name="runScenario" time="14.067"/>
  <system-out/>
  <testcase classname="Runner.TestRunner" name="runScenario" time="2.781"/>
  <system-out/>
</testsuite> <!-- Runner.TestRunner -->
