<?xml version="1.0" encoding="UTF-8"?>
<!-- Generated by org.testng.reporters.JUnitReportReporter -->
<testsuite hostname="LAPTOP-75HQIB0K" failures="0" tests="2" name="Runner.TestRunner" time="10.109" errors="0" timestamp="2025-01-26T20:25:31 IST" skipped="0">
  <testcase classname="Runner.TestRunner" name="runScenario" time="0.732"/>
  <system-out/>
  <testcase classname="Runner.TestRunner" name="runScenario" time="9.377"/>
  <system-out/>
</testsuite> <!-- Runner.TestRunner -->
